[debug] ----------------------------------------------------------------------
[debug] Command:      /usr/local/bin/node /usr/local/bin/firebase init
[debug] CLI Version:  3.0.7
[debug] Platform:     darwin
[debug] Node Version: v6.4.0
[debug] Time:         Sat Aug 27 2016 14:46:38 GMT-0600 (MDT)
[debug] ----------------------------------------------------------------------
[debug] 
[debug] > command requires scopes: ["email","openid","https://www.googleapis.com/auth/cloudplatformprojects.readonly","https://www.googleapis.com/auth/firebase"]
[info] 
     🔥🔥🔥🔥🔥🔥🔥🔥 🔥🔥🔥🔥 🔥🔥🔥🔥🔥🔥🔥🔥  🔥🔥🔥🔥🔥🔥🔥🔥 🔥🔥🔥🔥🔥🔥🔥🔥     🔥🔥🔥     🔥🔥🔥🔥🔥🔥  🔥🔥🔥🔥🔥🔥🔥🔥
     🔥🔥        🔥🔥  🔥🔥     🔥🔥 🔥🔥       🔥🔥     🔥🔥  🔥🔥   🔥🔥  🔥🔥       🔥🔥
     🔥🔥🔥🔥🔥🔥    🔥🔥  🔥🔥🔥🔥🔥🔥🔥🔥  🔥🔥🔥🔥🔥🔥   🔥🔥🔥🔥🔥🔥🔥🔥  🔥🔥🔥🔥🔥🔥🔥🔥🔥  🔥🔥🔥🔥🔥🔥  🔥🔥🔥🔥🔥🔥
     🔥🔥        🔥🔥  🔥🔥    🔥🔥  🔥🔥       🔥🔥     🔥🔥 🔥🔥     🔥🔥       🔥🔥 🔥🔥
     🔥🔥       🔥🔥🔥🔥 🔥🔥     🔥🔥 🔥🔥🔥🔥🔥🔥🔥🔥 🔥🔥🔥🔥🔥🔥🔥🔥  🔥🔥     🔥🔥  🔥🔥🔥🔥🔥🔥  🔥🔥🔥🔥🔥🔥🔥🔥

You're about to initialize a Firebase project in this directory:

  /Users/kwurth/Desktop/Helio/Projects/HelioChatClient

[info] 
=== Project Setup
[info] 
[info] First, let's associate this project directory with a Firebase project.
[info] You can create multiple project aliases by running firebase use --add, 
[info] but for now we'll just set up a default project.
[info] 
[debug] >>> HTTP REQUEST GET https://admin.firebase.com/v1/projects 
[debug] <<< HTTP RESPONSE 200
[info] i  .firebaserc already has a default project, skipping
[info] 
=== Database Setup
[info] 
[info] Firebase Realtime Database Rules allow you to define how your data should be
[info] structured and when your data can be read from and written to.
[info] 
[info] ✔  Database Rules for undefined have been downloaded to database.rules.json.
[info] Future modifications to database.rules.json will update Database Rules when you run
[info] firebase deploy.
[info] 
=== Hosting Setup
[info] 
[info] Your public directory is the folder (relative to your project directory) that
[info] will contain Hosting assets to uploaded with firebase deploy. If you
[info] have a build process for your assets, use your build's output directory.
[info] 
[info] i  Skipping write of src/index.html
[info] 
[info] i  Writing configuration info to firebase.json...
[info] i  Writing project information to .firebaserc...
[debug] Error: EACCES: permission denied, open '/Users/kwurth/Desktop/Helio/Projects/HelioChatClient/.firebaserc'
    at Error (native)
    at Object.fs.openSync (fs.js:640:18)
    at Object.fs.writeFileSync (fs.js:1333:33)
    at Config.writeProjectFile (/usr/local/lib/node_modules/firebase-tools/lib/config.js:183:6)
    at /usr/local/lib/node_modules/firebase-tools/commands/init.js:118:14
    at lib$rsvp$$internal$$tryCatch (/usr/local/lib/node_modules/firebase-tools/node_modules/rsvp/dist/rsvp.js:1036:16)
    at lib$rsvp$$internal$$invokeCallback (/usr/local/lib/node_modules/firebase-tools/node_modules/rsvp/dist/rsvp.js:1048:17)
    at lib$rsvp$$internal$$publish (/usr/local/lib/node_modules/firebase-tools/node_modules/rsvp/dist/rsvp.js:1019:11)
    at lib$rsvp$asap$$flush (/usr/local/lib/node_modules/firebase-tools/node_modules/rsvp/dist/rsvp.js:1198:9)
    at _combinedTickCallback (internal/process/next_tick.js:67:7)
[error] 
[error] Error: An unexpected error has occurred.
[debug] ----------------------------------------------------------------------
[debug] Command:      /usr/local/bin/node /usr/local/bin/firebase serve
[debug] CLI Version:  3.0.7
[debug] Platform:     darwin
[debug] Node Version: v6.4.0
[debug] Time:         Sat Aug 27 2016 14:47:24 GMT-0600 (MDT)
[debug] ----------------------------------------------------------------------
[debug] 
[info] Starting Firebase development server...
[info] 
[info] Project Directory: /Users/kwurth/Desktop/Helio/Projects/HelioChatClient
[warn] ⚠  Port 5000 is not available. Trying another port...
[info] Public Directory: src
[info] 
[info] Server listening at: http://localhost:5001
